# JRE version: OpenJDK Runtime Environment (16.0.2+7) (build 16.0.2+7-67)
# Java VM: OpenJDK 64-Bit Server VM (16.0.2+7-67, mixed mode, tiered, compressed oops, compressed class ptrs, g1 gc, windows-amd64)
GC Precious Log:
 CPUs: 8 total, 8 available
 Memory: 7991M
 Large Page Support: Disabled
 NUMA Support: Disabled
 Compressed Oops: Enabled (32-bit)
 Heap Region Size: 1M
 Heap Min Capacity: 8M
 Heap Initial Capacity: 126M
 Heap Max Capacity: 1998M
 Pre-touch: Disabled
 Parallel Workers: 8
 Concurrent Workers: 2
 Concurrent Refinement Workers: 8
 Periodic GC: Disabled
Heap:
 garbage-first heap   total 220160K, used 11989K [0x0000000083200000, 0x0000000100000000)
  region size 1024K, 10 young (10240K), 10 survivors (10240K)
 Metaspace       used 6847K, committed 6976K, reserved 1056768K
  class space    used 569K, committed 640K, reserved 1048576K
GC Heap History (19 events):
Event: 0.288 GC heap before
{Heap before GC invocations=0 (full 0):
 garbage-first heap   total 129024K, used 23552K [0x0000000083200000, 0x0000000100000000)
  region size 1024K, 23 young (23552K), 0 survivors (0K)
 Metaspace       used 6789K, committed 6912K, reserved 1056768K
  class space    used 568K, committed 640K, reserved 1048576K
}
Event: 0.291 GC heap after
{Heap after GC invocations=1 (full 0):
 garbage-first heap   total 129024K, used 1750K [0x0000000083200000, 0x0000000100000000)
  region size 1024K, 2 young (2048K), 2 survivors (2048K)
 Metaspace       used 6789K, committed 6912K, reserved 1056768K
  class space    used 568K, committed 640K, reserved 1048576K
}
Event: 0.347 GC heap before
{Heap before GC invocations=1 (full 0):
 garbage-first heap   total 129024K, used 38614K [0x0000000083200000, 0x0000000100000000)
  region size 1024K, 38 young (38912K), 2 survivors (2048K)
 Metaspace       used 6810K, committed 6912K, reserved 1056768K
  class space    used 568K, committed 640K, reserved 1048576K
}
Event: 0.350 GC heap after
{Heap after GC invocations=2 (full 0):
 garbage-first heap   total 129024K, used 2256K [0x0000000083200000, 0x0000000100000000)
  region size 1024K, 3 young (3072K), 3 survivors (3072K)
 Metaspace       used 6810K, committed 6912K, reserved 1056768K
  class space    used 568K, committed 640K, reserved 1048576K
}
Event: 0.439 GC heap before
{Heap before GC invocations=2 (full 0):
 garbage-first heap   total 129024K, used 75984K [0x0000000083200000, 0x0000000100000000)
  region size 1024K, 75 young (76800K), 3 survivors (3072K)
 Metaspace       used 6834K, committed 6912K, reserved 1056768K
  class space    used 568K, committed 640K, reserved 1048576K
}
Event: 0.444 GC heap after
{Heap after GC invocations=3 (full 0):
 garbage-first heap   total 129024K, used 2961K [0x0000000083200000, 0x0000000100000000)
  region size 1024K, 3 young (3072K), 3 survivors (3072K)
 Metaspace       used 6834K, committed 6912K, reserved 1056768K
  class space    used 568K, committed 640K, reserved 1048576K
}
Event: 0.503 GC heap before
{Heap before GC invocations=3 (full 0):
 garbage-first heap   total 129024K, used 76689K [0x0000000083200000, 0x0000000100000000)
  region size 1024K, 75 young (76800K), 3 survivors (3072K)
 Metaspace       used 6843K, committed 6976K, reserved 1056768K
  class space    used 569K, committed 640K, reserved 1048576K
}
Event: 0.508 GC heap after
{Heap after GC invocations=4 (full 0):
 garbage-first heap   total 129024K, used 3956K [0x0000000083200000, 0x0000000100000000)
  region size 1024K, 4 young (4096K), 4 survivors (4096K)
 Metaspace       used 6843K, committed 6976K, reserved 1056768K
  class space    used 569K, committed 640K, reserved 1048576K
}
Event: 0.581 GC heap before
{Heap before GC invocations=4 (full 0):
 garbage-first heap   total 129024K, used 76660K [0x0000000083200000, 0x0000000100000000)
  region size 1024K, 75 young (76800K), 4 survivors (4096K)
 Metaspace       used 6847K, committed 6976K, reserved 1056768K
  class space    used 569K, committed 640K, reserved 1048576K
}
Event: 0.586 GC heap after
{Heap after GC invocations=5 (full 0):
 garbage-first heap   total 129024K, used 4779K [0x0000000083200000, 0x0000000100000000)
  region size 1024K, 5 young (5120K), 5 survivors (5120K)
 Metaspace       used 6847K, committed 6976K, reserved 1056768K
  class space    used 569K, committed 640K, reserved 1048576K
}
Event: 0.642 GC heap before
{Heap before GC invocations=5 (full 0):
 garbage-first heap   total 129024K, used 76459K [0x0000000083200000, 0x0000000100000000)
  region size 1024K, 75 young (76800K), 5 survivors (5120K)
 Metaspace       used 6847K, committed 6976K, reserved 1056768K
  class space    used 569K, committed 640K, reserved 1048576K
}
Event: 0.650 GC heap after
{Heap after GC invocations=6 (full 0):
 garbage-first heap   total 220160K, used 5400K [0x0000000083200000, 0x0000000100000000)
  region size 1024K, 6 young (6144K), 6 survivors (6144K)
 Metaspace       used 6847K, committed 6976K, reserved 1056768K
  class space    used 569K, committed 640K, reserved 1048576K
}
Event: 0.768 GC heap before
{Heap before GC invocations=6 (full 0):
 garbage-first heap   total 220160K, used 131352K [0x0000000083200000, 0x0000000100000000)
  region size 1024K, 129 young (132096K), 6 survivors (6144K)
 Metaspace       used 6847K, committed 6976K, reserved 1056768K
  class space    used 569K, committed 640K, reserved 1048576K
}
Event: 0.775 GC heap after
{Heap after GC invocations=7 (full 0):
 garbage-first heap   total 220160K, used 7139K [0x0000000083200000, 0x0000000100000000)
  region size 1024K, 7 young (7168K), 7 survivors (7168K)
 Metaspace       used 6847K, committed 6976K, reserved 1056768K
  class space    used 569K, committed 640K, reserved 1048576K
}
Event: 0.868 GC heap before
{Heap before GC invocations=7 (full 0):
 garbage-first heap   total 220160K, used 132067K [0x0000000083200000, 0x0000000100000000)
  region size 1024K, 129 young (132096K), 7 survivors (7168K)
 Metaspace       used 6847K, committed 6976K, reserved 1056768K
  class space    used 569K, committed 640K, reserved 1048576K
}
Event: 0.875 GC heap after
{Heap after GC invocations=8 (full 0):
 garbage-first heap   total 220160K, used 8439K [0x0000000083200000, 0x0000000100000000)
  region size 1024K, 9 young (9216K), 9 survivors (9216K)
 Metaspace       used 6847K, committed 6976K, reserved 1056768K
  class space    used 569K, committed 640K, reserved 1048576K
}
Event: 0.943 GC heap before
{Heap before GC invocations=8 (full 0):
 garbage-first heap   total 220160K, used 131319K [0x0000000083200000, 0x0000000100000000)
  region size 1024K, 129 young (132096K), 9 survivors (9216K)
 Metaspace       used 6847K, committed 6976K, reserved 1056768K
  class space    used 569K, committed 640K, reserved 1048576K
}
Event: 0.951 GC heap after
{Heap after GC invocations=9 (full 0):
 garbage-first heap   total 220160K, used 10115K [0x0000000083200000, 0x0000000100000000)
  region size 1024K, 10 young (10240K), 10 survivors (10240K)
 Metaspace       used 6847K, committed 6976K, reserved 1056768K
  class space    used 569K, committed 640K, reserved 1048576K
}
Event: 1.018 GC heap before
{Heap before GC invocations=9 (full 0):
 garbage-first heap   total 220160K, used 131971K [0x0000000083200000, 0x0000000100000000)
  region size 1024K, 129 young (132096K), 10 survivors (10240K)
 Metaspace       used 6847K, committed 6976K, reserved 1056768K
  class space    used 569K, committed 640K, reserved 1048576K
}

