# JRE version: OpenJDK Runtime Environment (16.0.2+7) (build 16.0.2+7-67)
# Java VM: OpenJDK 64-Bit Server VM (16.0.2+7-67, mixed mode, tiered, compressed oops, compressed class ptrs, g1 gc, windows-amd64)
GC Precious Log:
 CPUs: 8 total, 8 available
 Memory: 7991M
 Large Page Support: Disabled
 NUMA Support: Disabled
 Compressed Oops: Enabled (32-bit)
 Heap Region Size: 1M
 Heap Min Capacity: 8M
 Heap Initial Capacity: 126M
 Heap Max Capacity: 1998M
 Pre-touch: Disabled
 Parallel Workers: 8
 Concurrent Workers: 2
 Concurrent Refinement Workers: 8
 Periodic GC: Disabled
Heap:
 garbage-first heap   total 393216K, used 21927K [0x0000000083200000, 0x0000000100000000)
  region size 1024K, 17 young (17408K), 17 survivors (17408K)
 Metaspace       used 6846K, committed 6976K, reserved 1056768K
  class space    used 569K, committed 640K, reserved 1048576K
GC Heap History (20 events):
Event: 0.493 GC heap after
{Heap after GC invocations=4 (full 0):
 garbage-first heap   total 129024K, used 3954K [0x0000000083200000, 0x0000000100000000)
  region size 1024K, 4 young (4096K), 4 survivors (4096K)
 Metaspace       used 6839K, committed 6976K, reserved 1056768K
  class space    used 568K, committed 640K, reserved 1048576K
}
Event: 0.572 GC heap before
{Heap before GC invocations=4 (full 0):
 garbage-first heap   total 129024K, used 76658K [0x0000000083200000, 0x0000000100000000)
  region size 1024K, 75 young (76800K), 4 survivors (4096K)
 Metaspace       used 6846K, committed 6976K, reserved 1056768K
  class space    used 569K, committed 640K, reserved 1048576K
}
Event: 0.582 GC heap after
{Heap after GC invocations=5 (full 0):
 garbage-first heap   total 196608K, used 4778K [0x0000000083200000, 0x0000000100000000)
  region size 1024K, 5 young (5120K), 5 survivors (5120K)
 Metaspace       used 6846K, committed 6976K, reserved 1056768K
  class space    used 569K, committed 640K, reserved 1048576K
}
Event: 0.720 GC heap before
{Heap before GC invocations=5 (full 0):
 garbage-first heap   total 196608K, used 117418K [0x0000000083200000, 0x0000000100000000)
  region size 1024K, 115 young (117760K), 5 survivors (5120K)
 Metaspace       used 6846K, committed 6976K, reserved 1056768K
  class space    used 569K, committed 640K, reserved 1048576K
}
Event: 0.727 GC heap after
{Heap after GC invocations=6 (full 0):
 garbage-first heap   total 196608K, used 5958K [0x0000000083200000, 0x0000000100000000)
  region size 1024K, 6 young (6144K), 6 survivors (6144K)
 Metaspace       used 6846K, committed 6976K, reserved 1056768K
  class space    used 569K, committed 640K, reserved 1048576K
}
Event: 0.799 GC heap before
{Heap before GC invocations=6 (full 0):
 garbage-first heap   total 196608K, used 117574K [0x0000000083200000, 0x0000000100000000)
  region size 1024K, 115 young (117760K), 6 survivors (6144K)
 Metaspace       used 6846K, committed 6976K, reserved 1056768K
  class space    used 569K, committed 640K, reserved 1048576K
}
Event: 0.809 GC heap after
{Heap after GC invocations=7 (full 0):
 garbage-first heap   total 196608K, used 7168K [0x0000000083200000, 0x0000000100000000)
  region size 1024K, 7 young (7168K), 7 survivors (7168K)
 Metaspace       used 6846K, committed 6976K, reserved 1056768K
  class space    used 569K, committed 640K, reserved 1048576K
}
Event: 0.890 GC heap before
{Heap before GC invocations=7 (full 0):
 garbage-first heap   total 196608K, used 117760K [0x0000000083200000, 0x0000000100000000)
  region size 1024K, 115 young (117760K), 7 survivors (7168K)
 Metaspace       used 6846K, committed 6976K, reserved 1056768K
  class space    used 569K, committed 640K, reserved 1048576K
}
Event: 0.899 GC heap after
{Heap after GC invocations=8 (full 0):
 garbage-first heap   total 196608K, used 8840K [0x0000000083200000, 0x0000000100000000)
  region size 1024K, 9 young (9216K), 9 survivors (9216K)
 Metaspace       used 6846K, committed 6976K, reserved 1056768K
  class space    used 569K, committed 640K, reserved 1048576K
}
Event: 0.975 GC heap before
{Heap before GC invocations=8 (full 0):
 garbage-first heap   total 196608K, used 117384K [0x0000000083200000, 0x0000000100000000)
  region size 1024K, 115 young (117760K), 9 survivors (9216K)
 Metaspace       used 6846K, committed 6976K, reserved 1056768K
  class space    used 569K, committed 640K, reserved 1048576K
}
Event: 0.987 GC heap after
{Heap after GC invocations=9 (full 0):
 garbage-first heap   total 393216K, used 10323K [0x0000000083200000, 0x0000000100000000)
  region size 1024K, 9 young (9216K), 9 survivors (9216K)
 Metaspace       used 6846K, committed 6976K, reserved 1056768K
  class space    used 569K, committed 640K, reserved 1048576K
}
Event: 1.226 GC heap before
{Heap before GC invocations=9 (full 0):
 garbage-first heap   total 393216K, used 236627K [0x0000000083200000, 0x0000000100000000)
  region size 1024K, 230 young (235520K), 9 survivors (9216K)
 Metaspace       used 6846K, committed 6976K, reserved 1056768K
  class space    used 569K, committed 640K, reserved 1048576K
}
Event: 1.233 GC heap after
{Heap after GC invocations=10 (full 0):
 garbage-first heap   total 393216K, used 11988K [0x0000000083200000, 0x0000000100000000)
  region size 1024K, 10 young (10240K), 10 survivors (10240K)
 Metaspace       used 6846K, committed 6976K, reserved 1056768K
  class space    used 569K, committed 640K, reserved 1048576K
}
Event: 1.383 GC heap before
{Heap before GC invocations=10 (full 0):
 garbage-first heap   total 393216K, used 237268K [0x0000000083200000, 0x0000000100000000)
  region size 1024K, 230 young (235520K), 10 survivors (10240K)
 Metaspace       used 6846K, committed 6976K, reserved 1056768K
  class space    used 569K, committed 640K, reserved 1048576K
}
Event: 1.391 GC heap after
{Heap after GC invocations=11 (full 0):
 garbage-first heap   total 393216K, used 14968K [0x0000000083200000, 0x0000000100000000)
  region size 1024K, 13 young (13312K), 13 survivors (13312K)
 Metaspace       used 6846K, committed 6976K, reserved 1056768K
  class space    used 569K, committed 640K, reserved 1048576K
}
Event: 1.558 GC heap before
{Heap before GC invocations=11 (full 0):
 garbage-first heap   total 393216K, used 237176K [0x0000000083200000, 0x0000000100000000)
  region size 1024K, 230 young (235520K), 13 survivors (13312K)
 Metaspace       used 6846K, committed 6976K, reserved 1056768K
  class space    used 569K, committed 640K, reserved 1048576K
}
Event: 1.567 GC heap after
{Heap after GC invocations=12 (full 0):
 garbage-first heap   total 393216K, used 17397K [0x0000000083200000, 0x0000000100000000)
  region size 1024K, 16 young (16384K), 16 survivors (16384K)
 Metaspace       used 6846K, committed 6976K, reserved 1056768K
  class space    used 569K, committed 640K, reserved 1048576K
}
Event: 1.758 GC heap before
{Heap before GC invocations=12 (full 0):
 garbage-first heap   total 393216K, used 236533K [0x0000000083200000, 0x0000000100000000)
  region size 1024K, 230 young (235520K), 16 survivors (16384K)
 Metaspace       used 6846K, committed 6976K, reserved 1056768K
  class space    used 569K, committed 640K, reserved 1048576K
}
Event: 1.767 GC heap after
{Heap after GC invocations=13 (full 0):
 garbage-first heap   total 393216K, used 19853K [0x0000000083200000, 0x0000000100000000)
  region size 1024K, 18 young (18432K), 18 survivors (18432K)
 Metaspace       used 6846K, committed 6976K, reserved 1056768K
  class space    used 569K, committed 640K, reserved 1048576K
}
Event: 2.031 GC heap before
{Heap before GC invocations=13 (full 0):
 garbage-first heap   total 393216K, used 236941K [0x0000000083200000, 0x0000000100000000)
  region size 1024K, 230 young (235520K), 18 survivors (18432K)
 Metaspace       used 6846K, committed 6976K, reserved 1056768K
  class space    used 569K, committed 640K, reserved 1048576K
}

